h5AndroidOL/h5AndroidOL/build/outputs/logs/manifest-merger-debug-report.txt
-- Merging decision tree log ---
manifest
ADDED from MyTest/h5AndroidOL/AndroidManifest.xml:2:1-148:12
	package
		ADDED from MyTest/h5AndroidOL/AndroidManifest.xml:3:5-38
	android:versionName
		ADDED from MyTest/h5AndroidOL/AndroidManifest.xml:5:5-30
		INJECTED from MyTest/h5AndroidOL/AndroidManifest.xml
		INJECTED from MyTest/h5AndroidOL/AndroidManifest.xml
	android:versionCode
		ADDED from MyTest/h5AndroidOL/AndroidManifest.xml:4:5-28
		INJECTED from MyTest/h5AndroidOL/AndroidManifest.xml
		INJECTED from MyTest/h5AndroidOL/AndroidManifest.xml
	xmlns:android
		ADDED from MyTest/h5AndroidOL/AndroidManifest.xml:2:11-69
uses-sdk
ADDED from MyTest/h5AndroidOL/AndroidManifest.xml:7:5-9:41
	android:targetSdkVersion
		ADDED from MyTest/h5AndroidOL/AndroidManifest.xml:9:9-38
	android:minSdkVersion
		ADDED from MyTest/h5AndroidOL/AndroidManifest.xml:8:9-35
uses-permission#android.permission.WAKE_LOCK
ADDED from MyTest/h5AndroidOL/AndroidManifest.xml:11:5-68
	android:name
		ADDED from MyTest/h5AndroidOL/AndroidManifest.xml:11:22-65
uses-permission#android.permission.ACCESS_NETWORK_STATE
ADDED from MyTest/h5AndroidOL/AndroidManifest.xml:12:5-79
	android:name
		ADDED from MyTest/h5AndroidOL/AndroidManifest.xml:12:22-76
uses-permission#android.permission.INTERNET
ADDED from MyTest/h5AndroidOL/AndroidManifest.xml:13:5-67
	android:name
		ADDED from MyTest/h5AndroidOL/AndroidManifest.xml:13:22-64
uses-permission#android.permission.WRITE_EXTERNAL_STORAGE
ADDED from MyTest/h5AndroidOL/AndroidManifest.xml:14:5-81
	android:name
		ADDED from MyTest/h5AndroidOL/AndroidManifest.xml:14:22-78
uses-permission#android.permission.ACCESS_WIFI_STATE
ADDED from MyTest/h5AndroidOL/AndroidManifest.xml:15:5-76
	android:name
		ADDED from MyTest/h5AndroidOL/AndroidManifest.xml:15:22-73
uses-permission#android.permission.READ_PHONE_STATE
ADDED from MyTest/h5AndroidOL/AndroidManifest.xml:17:5-75
	android:name
		ADDED from MyTest/h5AndroidOL/AndroidManifest.xml:17:22-72
uses-permission#android.permission.READ_SETTINGS
ADDED from MyTest/h5AndroidOL/AndroidManifest.xml:18:5-72
	android:name
		ADDED from MyTest/h5AndroidOL/AndroidManifest.xml:18:22-69
uses-permission#android.permission.WRITE_SETTINGS
ADDED from MyTest/h5AndroidOL/AndroidManifest.xml:19:5-73
	android:name
		ADDED from MyTest/h5AndroidOL/AndroidManifest.xml:19:22-70
uses-permission#android.permission.MOUNT_UNMOUNT_FILESYSTEMS
ADDED from MyTest/h5AndroidOL/AndroidManifest.xml:21:5-84
	android:name
		ADDED from MyTest/h5AndroidOL/AndroidManifest.xml:21:22-81
uses-permission#android.permission.READ_EXTERNAL_STORAGE
ADDED from MyTest/h5AndroidOL/AndroidManifest.xml:22:5-80
	android:name
		ADDED from MyTest/h5AndroidOL/AndroidManifest.xml:22:22-77
uses-permission#android.permission.CHANGE_WIFI_STATE
ADDED from MyTest/h5AndroidOL/AndroidManifest.xml:23:5-75
	android:name
		ADDED from MyTest/h5AndroidOL/AndroidManifest.xml:23:22-73
uses-permission#android.permission.VIBRATE
ADDED from MyTest/h5AndroidOL/AndroidManifest.xml:24:5-65
	android:name
		ADDED from MyTest/h5AndroidOL/AndroidManifest.xml:24:22-63
uses-permission#android.permission.SYSTEM_ALERT_WINDOW
ADDED from MyTest/h5AndroidOL/AndroidManifest.xml:25:2-75
	android:name
		ADDED from MyTest/h5AndroidOL/AndroidManifest.xml:25:19-72
uses-permission#android.permission.SEND_SMS
ADDED from MyTest/h5AndroidOL/AndroidManifest.xml:26:2-64
	android:name
		ADDED from MyTest/h5AndroidOL/AndroidManifest.xml:26:19-61
uses-permission#android.permission.RECEIVE_BOOT_COMPLETED
ADDED from MyTest/h5AndroidOL/AndroidManifest.xml:27:2-77
	android:name
		ADDED from MyTest/h5AndroidOL/AndroidManifest.xml:27:19-75
uses-permission#android.permission.GET_TASKS
ADDED from MyTest/h5AndroidOL/AndroidManifest.xml:29:5-68
	android:name
		ADDED from MyTest/h5AndroidOL/AndroidManifest.xml:29:22-65
uses-permission#android.permission.BLUETOOTH
ADDED from MyTest/h5AndroidOL/AndroidManifest.xml:33:6-68
	android:name
		ADDED from MyTest/h5AndroidOL/AndroidManifest.xml:33:23-66
uses-permission#android.permission.BLUETOOTH_ADMIN
ADDED from MyTest/h5AndroidOL/AndroidManifest.xml:34:6-74
	android:name
		ADDED from MyTest/h5AndroidOL/AndroidManifest.xml:34:23-72
uses-permission#android.permission.ACCESS_FINE_LOCATION
ADDED from MyTest/h5AndroidOL/AndroidManifest.xml:36:6-79
	android:name
		ADDED from MyTest/h5AndroidOL/AndroidManifest.xml:36:23-77
uses-permission#android.permission.ACCESS_COARSE_LOCATION
ADDED from MyTest/h5AndroidOL/AndroidManifest.xml:37:6-81
	android:name
		ADDED from MyTest/h5AndroidOL/AndroidManifest.xml:37:23-79
uses-permission#getui.permission.GetuiService.com.jiguang.h5androidol
ADDED from MyTest/h5AndroidOL/AndroidManifest.xml:39:6-93
	android:name
		ADDED from MyTest/h5AndroidOL/AndroidManifest.xml:39:23-91
permission#getui.permission.GetuiService.com.jiguang.h5androidol
ADDED from MyTest/h5AndroidOL/AndroidManifest.xml:40:3-118
	android:protectionLevel
		ADDED from MyTest/h5AndroidOL/AndroidManifest.xml:40:84-116
	android:name
		ADDED from MyTest/h5AndroidOL/AndroidManifest.xml:40:15-83
application
ADDED from MyTest/h5AndroidOL/AndroidManifest.xml:44:5-146:19
	android:label
		ADDED from MyTest/h5AndroidOL/AndroidManifest.xml:48:9-41
	android:allowBackup
		ADDED from MyTest/h5AndroidOL/AndroidManifest.xml:46:9-35
	android:icon
		ADDED from MyTest/h5AndroidOL/AndroidManifest.xml:47:9-45
	android:theme
		ADDED from MyTest/h5AndroidOL/AndroidManifest.xml:49:9-40
	android:name
		ADDED from MyTest/h5AndroidOL/AndroidManifest.xml:45:9-54
activity#com.jiguang.h5.MainActivity
ADDED from MyTest/h5AndroidOL/AndroidManifest.xml:50:9-56:20
	android:screenOrientation
		ADDED from MyTest/h5AndroidOL/AndroidManifest.xml:55:13-49
	android:label
		ADDED from MyTest/h5AndroidOL/AndroidManifest.xml:52:13-45
	android:windowSoftInputMode
		ADDED from MyTest/h5AndroidOL/AndroidManifest.xml:54:13-68
	android:theme
		ADDED from MyTest/h5AndroidOL/AndroidManifest.xml:53:13-77
	android:name
		ADDED from MyTest/h5AndroidOL/AndroidManifest.xml:51:13-55
activity#com.jiguang.h5.SplashActivity
ADDED from MyTest/h5AndroidOL/AndroidManifest.xml:57:10-67:20
	android:screenOrientation
		ADDED from MyTest/h5AndroidOL/AndroidManifest.xml:60:13-49
	android:configChanges
		ADDED from MyTest/h5AndroidOL/AndroidManifest.xml:58:13-74
	android:theme
		ADDED from MyTest/h5AndroidOL/AndroidManifest.xml:59:13-77
	android:name
		ADDED from MyTest/h5AndroidOL/AndroidManifest.xml:57:20-64
intent-filter#android.intent.action.MAIN+android.intent.category.LAUNCHER
ADDED from MyTest/h5AndroidOL/AndroidManifest.xml:62:13-66:29
action#android.intent.action.MAIN
ADDED from MyTest/h5AndroidOL/AndroidManifest.xml:63:17-69
	android:name
		ADDED from MyTest/h5AndroidOL/AndroidManifest.xml:63:25-66
category#android.intent.category.LAUNCHER
ADDED from MyTest/h5AndroidOL/AndroidManifest.xml:65:17-77
	android:name
		ADDED from MyTest/h5AndroidOL/AndroidManifest.xml:65:27-74
meta-data#PUSH_APPID
ADDED from MyTest/h5AndroidOL/AndroidManifest.xml:70:9-72:53
	android:value
		ADDED from MyTest/h5AndroidOL/AndroidManifest.xml:72:13-51
	android:name
		ADDED from MyTest/h5AndroidOL/AndroidManifest.xml:71:13-38
meta-data#PUSH_APPKEY
ADDED from MyTest/h5AndroidOL/AndroidManifest.xml:73:9-75:53
	android:value
		ADDED from MyTest/h5AndroidOL/AndroidManifest.xml:75:13-51
	android:name
		ADDED from MyTest/h5AndroidOL/AndroidManifest.xml:74:13-39
meta-data#PUSH_APPSECRET
ADDED from MyTest/h5AndroidOL/AndroidManifest.xml:76:10-78:52
	android:value
		ADDED from MyTest/h5AndroidOL/AndroidManifest.xml:78:13-50
	android:name
		ADDED from MyTest/h5AndroidOL/AndroidManifest.xml:77:13-42
service#com.igexin.sdk.PushService
ADDED from MyTest/h5AndroidOL/AndroidManifest.xml:80:10-88:19
	android:process
		ADDED from MyTest/h5AndroidOL/AndroidManifest.xml:84:13-43
	android:label
		ADDED from MyTest/h5AndroidOL/AndroidManifest.xml:83:13-47
	android:exported
		ADDED from MyTest/h5AndroidOL/AndroidManifest.xml:82:13-36
	android:name
		ADDED from MyTest/h5AndroidOL/AndroidManifest.xml:81:13-54
intent-filter#com.igexin.sdk.action.service.message
ADDED from MyTest/h5AndroidOL/AndroidManifest.xml:85:13-87:29
action#com.igexin.sdk.action.service.message
ADDED from MyTest/h5AndroidOL/AndroidManifest.xml:86:17-79
	android:name
		ADDED from MyTest/h5AndroidOL/AndroidManifest.xml:86:25-77
receiver#com.igexin.sdk.PushReceiver
ADDED from MyTest/h5AndroidOL/AndroidManifest.xml:90:9-101:20
	android:name
		ADDED from MyTest/h5AndroidOL/AndroidManifest.xml:91:13-55
intent-filter#android.intent.action.ACTION_POWER_CONNECTED+android.intent.action.ACTION_POWER_DISCONNECTED+android.intent.action.BOOT_COMPLETED+android.intent.action.MEDIA_MOUNTED+android.intent.action.USER_PRESENT+android.net.conn.CONNECTIVITY_CHANGE+com.igexin.sdk.action.refreshls
ADDED from MyTest/h5AndroidOL/AndroidManifest.xml:92:13-100:29
action#android.intent.action.BOOT_COMPLETED
ADDED from MyTest/h5AndroidOL/AndroidManifest.xml:93:17-78
	android:name
		ADDED from MyTest/h5AndroidOL/AndroidManifest.xml:93:25-76
action#android.net.conn.CONNECTIVITY_CHANGE
ADDED from MyTest/h5AndroidOL/AndroidManifest.xml:94:17-78
	android:name
		ADDED from MyTest/h5AndroidOL/AndroidManifest.xml:94:25-76
action#android.intent.action.USER_PRESENT
ADDED from MyTest/h5AndroidOL/AndroidManifest.xml:95:17-76
	android:name
		ADDED from MyTest/h5AndroidOL/AndroidManifest.xml:95:25-74
action#com.igexin.sdk.action.refreshls
ADDED from MyTest/h5AndroidOL/AndroidManifest.xml:96:17-73
	android:name
		ADDED from MyTest/h5AndroidOL/AndroidManifest.xml:96:25-71
action#android.intent.action.MEDIA_MOUNTED
ADDED from MyTest/h5AndroidOL/AndroidManifest.xml:97:17-77
	android:name
		ADDED from MyTest/h5AndroidOL/AndroidManifest.xml:97:25-75
action#android.intent.action.ACTION_POWER_CONNECTED
ADDED from MyTest/h5AndroidOL/AndroidManifest.xml:98:17-86
	android:name
		ADDED from MyTest/h5AndroidOL/AndroidManifest.xml:98:25-84
action#android.intent.action.ACTION_POWER_DISCONNECTED
ADDED from MyTest/h5AndroidOL/AndroidManifest.xml:99:17-89
	android:name
		ADDED from MyTest/h5AndroidOL/AndroidManifest.xml:99:25-87
activity#com.igexin.sdk.PushActivity
ADDED from MyTest/h5AndroidOL/AndroidManifest.xml:103:9-109:74
	android:process
		ADDED from MyTest/h5AndroidOL/AndroidManifest.xml:107:13-43
	android:excludeFromRecents
		ADDED from MyTest/h5AndroidOL/AndroidManifest.xml:105:13-46
	android:exported
		ADDED from MyTest/h5AndroidOL/AndroidManifest.xml:106:13-37
	android:theme
		ADDED from MyTest/h5AndroidOL/AndroidManifest.xml:109:13-72
	android:taskAffinity
		ADDED from MyTest/h5AndroidOL/AndroidManifest.xml:108:13-67
	android:name
		ADDED from MyTest/h5AndroidOL/AndroidManifest.xml:104:13-55
activity#com.igexin.sdk.GActivity
ADDED from MyTest/h5AndroidOL/AndroidManifest.xml:111:9-117:74
	android:process
		ADDED from MyTest/h5AndroidOL/AndroidManifest.xml:115:13-43
	android:excludeFromRecents
		ADDED from MyTest/h5AndroidOL/AndroidManifest.xml:113:13-46
	android:exported
		ADDED from MyTest/h5AndroidOL/AndroidManifest.xml:114:13-36
	android:theme
		ADDED from MyTest/h5AndroidOL/AndroidManifest.xml:117:13-72
	android:taskAffinity
		ADDED from MyTest/h5AndroidOL/AndroidManifest.xml:116:13-67
	android:name
		ADDED from MyTest/h5AndroidOL/AndroidManifest.xml:112:13-52
service#com.igexin.download.DownloadService
ADDED from MyTest/h5AndroidOL/AndroidManifest.xml:119:9-121:45
	android:process
		ADDED from MyTest/h5AndroidOL/AndroidManifest.xml:121:13-43
	android:name
		ADDED from MyTest/h5AndroidOL/AndroidManifest.xml:120:13-63
receiver#com.igexin.download.DownloadReceiver
ADDED from MyTest/h5AndroidOL/AndroidManifest.xml:123:9-128:20
	android:name
		ADDED from MyTest/h5AndroidOL/AndroidManifest.xml:124:13-64
intent-filter#android.net.conn.CONNECTIVITY_CHANGE
ADDED from MyTest/h5AndroidOL/AndroidManifest.xml:125:13-127:29
provider#com.igexin.download.DownloadProvider
ADDED from MyTest/h5AndroidOL/AndroidManifest.xml:130:9-134:45
	android:authorities
		ADDED from MyTest/h5AndroidOL/AndroidManifest.xml:132:13-68
	android:process
		ADDED from MyTest/h5AndroidOL/AndroidManifest.xml:134:13-43
	android:exported
		ADDED from MyTest/h5AndroidOL/AndroidManifest.xml:133:13-36
	android:name
		ADDED from MyTest/h5AndroidOL/AndroidManifest.xml:131:13-64
service#com.jiguang.h5.CustomGetuiIntentService
ADDED from MyTest/h5AndroidOL/AndroidManifest.xml:136:9-74
	android:name
		ADDED from MyTest/h5AndroidOL/AndroidManifest.xml:136:18-72
service#com.jiguang.h5.CustomGetuiPushService
ADDED from MyTest/h5AndroidOL/AndroidManifest.xml:139:9-144:19
	android:process
		ADDED from MyTest/h5AndroidOL/AndroidManifest.xml:143:13-43
	android:label
		ADDED from MyTest/h5AndroidOL/AndroidManifest.xml:142:13-40
	android:exported
		ADDED from MyTest/h5AndroidOL/AndroidManifest.xml:141:13-36
	android:name
		ADDED from MyTest/h5AndroidOL/AndroidManifest.xml:140:13-65